-------------------------------------------------------------------------------
Test set: com.example.SupplierControllerIntegrationTest
-------------------------------------------------------------------------------
Tests run: 5, Failures: 5, Errors: 0, Skipped: 0, Time elapsed: 0.034 s <<< FAILURE! - in com.example.SupplierControllerIntegrationTest
testReadAll  Time elapsed: 0.005 s  <<< FAILURE!
java.lang.AssertionError: Status expected:<200> but was:<404>
	at com.example.SupplierControllerIntegrationTest.testReadAll(SupplierControllerIntegrationTest.java:73)

testReadOne  Time elapsed: 0.004 s  <<< FAILURE!
java.lang.AssertionError: Status expected:<200> but was:<404>
	at com.example.SupplierControllerIntegrationTest.testReadOne(SupplierControllerIntegrationTest.java:61)

testCreate  Time elapsed: 0.009 s  <<< FAILURE!
java.lang.AssertionError: Status expected:<201> but was:<404>
	at com.example.SupplierControllerIntegrationTest.testCreate(SupplierControllerIntegrationTest.java:52)

testDelete  Time elapsed: 0.005 s  <<< FAILURE!
java.lang.AssertionError: Status expected:<204> but was:<404>
	at com.example.SupplierControllerIntegrationTest.testDelete(SupplierControllerIntegrationTest.java:94)

testUpdate  Time elapsed: 0.005 s  <<< FAILURE!
java.lang.AssertionError: Status expected:<202> but was:<404>
	at com.example.SupplierControllerIntegrationTest.testUpdate(SupplierControllerIntegrationTest.java:86)

